{"level":"info","message":"Top rated products returned","timestamp":"2023-05-15T18:20:14.114Z"}
{"level":"info","message":"Top rated products returned","timestamp":"2023-05-15T18:20:14.116Z"}
{"level":"info","message":"All Products info provided","timestamp":"2023-05-15T18:20:14.175Z"}
{"level":"info","message":"All Products info provided","timestamp":"2023-05-15T18:20:14.176Z"}
{"level":"info","message":"Top rated products returned","timestamp":"2023-05-16T08:35:48.474Z"}
{"level":"info","message":"Top rated products returned","timestamp":"2023-05-16T08:35:48.477Z"}
{"level":"info","message":"All Products info provided","timestamp":"2023-05-16T08:35:48.499Z"}
{"level":"info","message":"All Products info provided","timestamp":"2023-05-16T08:35:48.499Z"}
{"level":"info","message":"Product info of given id provided","timestamp":"2023-05-16T08:36:19.332Z"}
{"level":"info","message":"Product info of given id provided","timestamp":"2023-05-16T08:36:19.333Z"}
{"level":"info","message":"Top rated products returned","timestamp":"2023-05-16T09:02:17.329Z"}
{"level":"info","message":"Top rated products returned","timestamp":"2023-05-16T09:02:17.330Z"}
{"level":"info","message":"All Products info provided","timestamp":"2023-05-16T09:02:17.367Z"}
{"level":"info","message":"All Products info provided","timestamp":"2023-05-16T09:02:17.367Z"}
{"level":"info","message":"Top rated products returned","timestamp":"2023-05-16T09:07:56.724Z"}
{"level":"info","message":"Top rated products returned","timestamp":"2023-05-16T09:07:56.725Z"}
{"level":"info","message":"All Products info provided","timestamp":"2023-05-16T09:07:56.779Z"}
{"level":"info","message":"All Products info provided","timestamp":"2023-05-16T09:07:56.780Z"}
{"level":"info","message":"User authentication successful","timestamp":"2023-05-16T09:08:02.294Z"}
{"level":"info","message":"User authentication successful","timestamp":"2023-05-16T09:08:02.294Z"}
{"level":"info","message":"Product info of given id provided","timestamp":"2023-05-16T09:08:15.523Z"}
{"level":"info","message":"Product info of given id provided","timestamp":"2023-05-16T09:08:15.523Z"}
{"level":"info","message":"Product details with mentioned id updated","timestamp":"2023-05-16T09:09:17.706Z"}
{"level":"info","message":"Product details with mentioned id updated","timestamp":"2023-05-16T09:09:17.707Z"}
{"level":"info","message":"Product info of given id provided","timestamp":"2023-05-16T09:09:17.795Z"}
{"level":"info","message":"Product info of given id provided","timestamp":"2023-05-16T09:09:17.795Z"}
{"level":"info","message":"All Products info provided","timestamp":"2023-05-16T09:09:17.902Z"}
{"level":"info","message":"All Products info provided","timestamp":"2023-05-16T09:09:17.902Z"}
{"level":"info","message":"Product info of given id provided","timestamp":"2023-05-16T09:09:35.445Z"}
{"level":"info","message":"Product info of given id provided","timestamp":"2023-05-16T09:09:35.445Z"}
{"level":"info","message":"Product details with mentioned id updated","timestamp":"2023-05-16T09:10:03.089Z"}
{"level":"info","message":"Product details with mentioned id updated","timestamp":"2023-05-16T09:10:03.089Z"}
{"level":"info","message":"Product info of given id provided","timestamp":"2023-05-16T09:10:03.172Z"}
{"level":"info","message":"Product info of given id provided","timestamp":"2023-05-16T09:10:03.172Z"}
{"level":"info","message":"All Products info provided","timestamp":"2023-05-16T09:10:03.257Z"}
{"level":"info","message":"All Products info provided","timestamp":"2023-05-16T09:10:03.257Z"}
{"level":"info","message":"Product info of given id provided","timestamp":"2023-05-16T09:10:05.447Z"}
{"level":"info","message":"Product info of given id provided","timestamp":"2023-05-16T09:10:05.447Z"}
{"level":"info","message":"Product details with mentioned id updated","timestamp":"2023-05-16T09:10:47.978Z"}
{"level":"info","message":"Product details with mentioned id updated","timestamp":"2023-05-16T09:10:47.979Z"}
{"level":"info","message":"Product info of given id provided","timestamp":"2023-05-16T09:10:48.090Z"}
{"level":"info","message":"Product info of given id provided","timestamp":"2023-05-16T09:10:48.090Z"}
{"level":"info","message":"All Products info provided","timestamp":"2023-05-16T09:10:48.143Z"}
{"level":"info","message":"All Products info provided","timestamp":"2023-05-16T09:10:48.143Z"}
{"level":"info","message":"Product info of given id provided","timestamp":"2023-05-16T09:10:58.462Z"}
{"level":"info","message":"Product info of given id provided","timestamp":"2023-05-16T09:10:58.462Z"}
{"level":"info","message":"Product details with mentioned id updated","timestamp":"2023-05-16T09:11:17.917Z"}
{"level":"info","message":"Product details with mentioned id updated","timestamp":"2023-05-16T09:11:17.917Z"}
{"level":"info","message":"Product info of given id provided","timestamp":"2023-05-16T09:11:17.997Z"}
{"level":"info","message":"Product info of given id provided","timestamp":"2023-05-16T09:11:17.997Z"}
{"level":"info","message":"All Products info provided","timestamp":"2023-05-16T09:11:18.078Z"}
{"level":"info","message":"All Products info provided","timestamp":"2023-05-16T09:11:18.078Z"}
{"level":"info","message":"Product info of given id provided","timestamp":"2023-05-16T09:11:21.087Z"}
{"level":"info","message":"Product info of given id provided","timestamp":"2023-05-16T09:11:21.087Z"}
{"level":"info","message":"Product details with mentioned id updated","timestamp":"2023-05-16T09:11:40.377Z"}
{"level":"info","message":"Product details with mentioned id updated","timestamp":"2023-05-16T09:11:40.378Z"}
{"level":"info","message":"Product info of given id provided","timestamp":"2023-05-16T09:11:40.458Z"}
{"level":"info","message":"Product info of given id provided","timestamp":"2023-05-16T09:11:40.458Z"}
{"level":"info","message":"All Products info provided","timestamp":"2023-05-16T09:11:40.535Z"}
{"level":"info","message":"All Products info provided","timestamp":"2023-05-16T09:11:40.536Z"}
{"level":"info","message":"Product info of given id provided","timestamp":"2023-05-16T09:11:43.367Z"}
{"level":"info","message":"Product info of given id provided","timestamp":"2023-05-16T09:11:43.368Z"}
{"level":"info","message":"Product details with mentioned id updated","timestamp":"2023-05-16T09:11:52.949Z"}
{"level":"info","message":"Product details with mentioned id updated","timestamp":"2023-05-16T09:11:52.950Z"}
{"level":"info","message":"Product info of given id provided","timestamp":"2023-05-16T09:11:53.034Z"}
{"level":"info","message":"Product info of given id provided","timestamp":"2023-05-16T09:11:53.034Z"}
{"level":"info","message":"All Products info provided","timestamp":"2023-05-16T09:11:53.106Z"}
{"level":"info","message":"All Products info provided","timestamp":"2023-05-16T09:11:53.106Z"}
{"level":"info","message":"Top rated products returned","timestamp":"2023-05-16T09:11:59.932Z"}
{"level":"info","message":"Top rated products returned","timestamp":"2023-05-16T09:11:59.932Z"}
{"level":"info","message":"Top rated products returned","timestamp":"2023-05-16T09:12:56.444Z"}
{"level":"info","message":"Top rated products returned","timestamp":"2023-05-16T09:12:56.447Z"}
{"level":"info","message":"All Products info provided","timestamp":"2023-05-16T09:12:56.467Z"}
{"level":"info","message":"All Products info provided","timestamp":"2023-05-16T09:12:56.467Z"}
{"level":"info","message":"Top rated products returned","timestamp":"2023-05-16T09:16:41.666Z"}
{"level":"info","message":"Top rated products returned","timestamp":"2023-05-16T09:16:41.668Z"}
{"level":"info","message":"All Products info provided","timestamp":"2023-05-16T09:16:41.770Z"}
{"level":"info","message":"All Products info provided","timestamp":"2023-05-16T09:16:41.771Z"}
{"level":"info","message":"Product info of given id provided","timestamp":"2023-05-16T09:17:15.228Z"}
{"level":"info","message":"Product info of given id provided","timestamp":"2023-05-16T09:17:15.228Z"}
{"level":"info","message":"Top rated products returned","timestamp":"2023-05-16T09:18:12.768Z"}
{"level":"info","message":"Top rated products returned","timestamp":"2023-05-16T09:18:12.769Z"}
{"level":"info","message":"All Products info provided","timestamp":"2023-05-16T09:18:12.856Z"}
{"level":"info","message":"All Products info provided","timestamp":"2023-05-16T09:18:12.856Z"}
{"level":"info","message":"Product info of given id provided","timestamp":"2023-05-16T09:18:18.131Z"}
{"level":"info","message":"Product info of given id provided","timestamp":"2023-05-16T09:18:18.131Z"}
{"level":"info","message":"Top rated products returned","timestamp":"2023-05-16T09:19:01.270Z"}
{"level":"info","message":"Top rated products returned","timestamp":"2023-05-16T09:19:01.270Z"}
{"level":"info","message":"All Products info provided","timestamp":"2023-05-16T09:19:01.499Z"}
{"level":"info","message":"All Products info provided","timestamp":"2023-05-16T09:19:01.499Z"}
{"level":"info","message":"Product info of given id provided","timestamp":"2023-05-16T09:19:48.252Z"}
{"level":"info","message":"Product info of given id provided","timestamp":"2023-05-16T09:19:48.252Z"}
{"level":"info","message":"Product info of given id provided","timestamp":"2023-05-16T09:19:53.579Z"}
{"level":"info","message":"Product info of given id provided","timestamp":"2023-05-16T09:19:53.579Z"}
{"level":"info","message":"Top rated products returned","timestamp":"2023-05-16T09:21:10.921Z"}
{"level":"info","message":"Top rated products returned","timestamp":"2023-05-16T09:21:10.923Z"}
{"level":"info","message":"All Products info provided","timestamp":"2023-05-16T09:21:10.984Z"}
{"level":"info","message":"All Products info provided","timestamp":"2023-05-16T09:21:10.984Z"}
{"level":"info","message":"Product info of given id provided","timestamp":"2023-05-16T09:21:27.519Z"}
{"level":"info","message":"Product info of given id provided","timestamp":"2023-05-16T09:21:27.519Z"}
{"level":"info","message":"Top rated products returned","timestamp":"2023-05-16T09:48:15.467Z"}
{"level":"info","message":"Top rated products returned","timestamp":"2023-05-16T09:48:15.468Z"}
{"level":"info","message":"All Products info provided","timestamp":"2023-05-16T09:48:15.532Z"}
{"level":"info","message":"All Products info provided","timestamp":"2023-05-16T09:48:15.533Z"}
{"level":"info","message":"Top rated products returned","timestamp":"2023-05-16T09:48:17.067Z"}
{"level":"info","message":"Top rated products returned","timestamp":"2023-05-16T09:48:17.067Z"}
{"level":"info","message":"All Products info provided","timestamp":"2023-05-16T09:48:17.103Z"}
{"level":"info","message":"All Products info provided","timestamp":"2023-05-16T09:48:17.103Z"}
{"level":"info","message":"Top rated products returned","timestamp":"2023-05-16T09:48:18.166Z"}
{"level":"info","message":"Top rated products returned","timestamp":"2023-05-16T09:48:18.166Z"}
{"level":"info","message":"All Products info provided","timestamp":"2023-05-16T09:48:18.237Z"}
{"level":"info","message":"All Products info provided","timestamp":"2023-05-16T09:48:18.238Z"}
{"level":"info","message":"All Products info provided","timestamp":"2023-05-16T09:50:02.988Z"}
{"level":"info","message":"All Products info provided","timestamp":"2023-05-16T09:50:02.988Z"}
{"level":"info","message":"Top rated products returned","timestamp":"2023-05-16T09:59:21.096Z"}
{"level":"info","message":"Top rated products returned","timestamp":"2023-05-16T09:59:21.097Z"}
{"level":"info","message":"All Products info provided","timestamp":"2023-05-16T09:59:21.122Z"}
{"level":"info","message":"All Products info provided","timestamp":"2023-05-16T09:59:21.122Z"}
{"level":"info","message":"All Products info provided","timestamp":"2023-05-16T10:01:13.044Z"}
{"level":"info","message":"All Products info provided","timestamp":"2023-05-16T10:01:13.044Z"}
{"level":"info","message":"All Products info provided","timestamp":"2023-05-16T10:02:09.224Z"}
{"level":"info","message":"All Products info provided","timestamp":"2023-05-16T10:02:09.225Z"}
{"level":"info","message":"User authentication successful","timestamp":"2023-05-16T11:20:48.032Z"}
{"level":"info","message":"User authentication successful","timestamp":"2023-05-16T11:20:48.033Z"}
{"level":"info","message":"User authentication successful","timestamp":"2023-05-16T11:21:02.367Z"}
{"level":"info","message":"User authentication successful","timestamp":"2023-05-16T11:21:02.367Z"}
{"level":"info","message":"User authentication successful","timestamp":"2023-05-16T11:28:40.061Z"}
{"level":"info","message":"User authentication successful","timestamp":"2023-05-16T11:28:40.062Z"}
{"level":"info","message":"User authentication successful","timestamp":"2023-05-16T11:29:13.386Z"}
{"level":"info","message":"User authentication successful","timestamp":"2023-05-16T11:29:13.387Z"}
{"level":"info","message":"User authentication successful","timestamp":"2023-05-16T11:29:47.343Z"}
{"level":"info","message":"User authentication successful","timestamp":"2023-05-16T11:29:47.343Z"}
{"level":"info","message":"User authentication successful","timestamp":"2023-05-16T11:33:52.381Z"}
{"level":"info","message":"User authentication successful","timestamp":"2023-05-16T11:33:52.383Z"}
{"level":"info","message":"User authentication successful","timestamp":"2023-05-16T11:35:57.072Z"}
{"level":"info","message":"User authentication successful","timestamp":"2023-05-16T11:35:57.073Z"}
{"level":"info","message":"User authentication successful","timestamp":"2023-05-16T11:35:59.400Z"}
{"level":"info","message":"User authentication successful","timestamp":"2023-05-16T11:35:59.401Z"}
{"level":"info","message":"User authentication successful","timestamp":"2023-05-16T11:36:02.147Z"}
{"level":"info","message":"User authentication successful","timestamp":"2023-05-16T11:36:02.147Z"}
{"level":"info","message":"User authentication successful","timestamp":"2023-05-16T11:44:37.010Z"}
{"level":"info","message":"User authentication successful","timestamp":"2023-05-16T11:44:37.011Z"}
{"level":"info","message":"User authentication successful","timestamp":"2023-05-16T11:44:42.996Z"}
{"level":"info","message":"User authentication successful","timestamp":"2023-05-16T11:44:42.996Z"}
{"level":"info","message":"User authentication successful","timestamp":"2023-05-16T11:46:25.343Z"}
{"level":"info","message":"User authentication successful","timestamp":"2023-05-16T11:46:25.345Z"}
{"level":"info","message":"User authentication successful","timestamp":"2023-05-16T11:46:27.804Z"}
{"level":"info","message":"User authentication successful","timestamp":"2023-05-16T11:46:27.804Z"}
{"level":"info","message":"User authentication successful","timestamp":"2023-05-16T11:46:31.815Z"}
{"level":"info","message":"User authentication successful","timestamp":"2023-05-16T11:46:31.816Z"}
{"level":"info","message":"User authentication successful","timestamp":"2023-05-16T11:46:33.082Z"}
{"level":"info","message":"User authentication successful","timestamp":"2023-05-16T11:46:33.082Z"}
{"level":"info","message":"User authentication successful","timestamp":"2023-05-16T11:46:34.339Z"}
{"level":"info","message":"User authentication successful","timestamp":"2023-05-16T11:46:34.339Z"}
{"level":"info","message":"User authentication successful","timestamp":"2023-05-16T11:46:35.528Z"}
{"level":"info","message":"User authentication successful","timestamp":"2023-05-16T11:46:35.528Z"}
{"level":"info","message":"User authentication successful","timestamp":"2023-05-16T11:47:25.789Z"}
{"level":"info","message":"User authentication successful","timestamp":"2023-05-16T11:47:25.790Z"}
{"level":"info","message":"User authentication successful","timestamp":"2023-05-16T11:47:27.335Z"}
{"level":"info","message":"User authentication successful","timestamp":"2023-05-16T11:47:27.335Z"}
{"level":"info","message":"User authentication successful","timestamp":"2023-05-16T11:47:28.557Z"}
{"level":"info","message":"User authentication successful","timestamp":"2023-05-16T11:47:28.557Z"}
{"level":"info","message":"User authentication successful","timestamp":"2023-05-16T11:47:57.270Z"}
{"level":"info","message":"User authentication successful","timestamp":"2023-05-16T11:47:57.271Z"}
{"level":"info","message":"User authentication successful","timestamp":"2023-05-16T11:47:58.650Z"}
{"level":"info","message":"User authentication successful","timestamp":"2023-05-16T11:47:58.650Z"}
{"level":"info","message":"User authentication successful","timestamp":"2023-05-16T11:47:59.690Z"}
{"level":"info","message":"User authentication successful","timestamp":"2023-05-16T11:47:59.691Z"}
{"level":"info","message":"User authentication successful","timestamp":"2023-05-16T11:48:00.695Z"}
{"level":"info","message":"User authentication successful","timestamp":"2023-05-16T11:48:00.695Z"}
{"level":"info","message":"User authentication successful","timestamp":"2023-05-16T11:48:03.157Z"}
{"level":"info","message":"User authentication successful","timestamp":"2023-05-16T11:48:03.158Z"}
{"level":"info","message":"User authentication successful","timestamp":"2023-05-16T11:48:04.196Z"}
{"level":"info","message":"User authentication successful","timestamp":"2023-05-16T11:48:04.196Z"}
{"level":"info","message":"User authentication successful","timestamp":"2023-05-16T11:48:06.414Z"}
{"level":"info","message":"User authentication successful","timestamp":"2023-05-16T11:48:06.415Z"}
{"level":"info","message":"User authentication successful","timestamp":"2023-05-16T11:50:03.273Z"}
{"level":"info","message":"User authentication successful","timestamp":"2023-05-16T11:50:03.274Z"}
{"level":"info","message":"Top rated products returned","timestamp":"2023-05-16T12:21:00.325Z"}
{"level":"info","message":"Top rated products returned","timestamp":"2023-05-16T12:21:00.325Z"}
{"level":"info","message":"All Products info provided","timestamp":"2023-05-16T12:21:00.358Z"}
{"level":"info","message":"All Products info provided","timestamp":"2023-05-16T12:21:00.358Z"}
{"level":"info","message":"Top rated products returned","timestamp":"2023-05-16T12:24:14.307Z"}
{"level":"info","message":"Top rated products returned","timestamp":"2023-05-16T12:24:14.307Z"}
{"level":"info","message":"All Products info provided","timestamp":"2023-05-16T12:24:14.337Z"}
{"level":"info","message":"All Products info provided","timestamp":"2023-05-16T12:24:14.338Z"}
{"level":"info","message":"Top rated products returned","timestamp":"2023-05-16T12:25:41.160Z"}
{"level":"info","message":"Top rated products returned","timestamp":"2023-05-16T12:25:41.161Z"}
{"level":"info","message":"All Products info provided","timestamp":"2023-05-16T12:25:41.190Z"}
{"level":"info","message":"All Products info provided","timestamp":"2023-05-16T12:25:41.190Z"}
{"level":"info","message":"Top rated products returned","timestamp":"2023-05-16T12:25:54.302Z"}
{"level":"info","message":"Top rated products returned","timestamp":"2023-05-16T12:25:54.302Z"}
{"level":"info","message":"All Products info provided","timestamp":"2023-05-16T12:25:54.333Z"}
{"level":"info","message":"All Products info provided","timestamp":"2023-05-16T12:25:54.333Z"}
{"level":"info","message":"Top rated products returned","timestamp":"2023-05-16T12:27:35.836Z"}
{"level":"info","message":"Top rated products returned","timestamp":"2023-05-16T12:27:35.838Z"}
{"level":"info","message":"All Products info provided","timestamp":"2023-05-16T12:27:35.869Z"}
{"level":"info","message":"All Products info provided","timestamp":"2023-05-16T12:27:35.869Z"}
{"level":"info","message":"Top rated products returned","timestamp":"2023-05-16T12:28:23.697Z"}
{"level":"info","message":"Top rated products returned","timestamp":"2023-05-16T12:28:23.698Z"}
{"level":"info","message":"All Products info provided","timestamp":"2023-05-16T12:28:23.727Z"}
{"level":"info","message":"All Products info provided","timestamp":"2023-05-16T12:28:23.727Z"}
{"level":"info","message":"Top rated products returned","timestamp":"2023-05-16T12:36:12.493Z"}
{"level":"info","message":"Top rated products returned","timestamp":"2023-05-16T12:36:12.495Z"}
{"level":"info","message":"All Products info provided","timestamp":"2023-05-16T12:36:12.533Z"}
{"level":"info","message":"All Products info provided","timestamp":"2023-05-16T12:36:12.533Z"}
{"level":"info","message":"All Products info provided","timestamp":"2023-05-16T12:40:14.853Z"}
{"level":"info","message":"All Products info provided","timestamp":"2023-05-16T12:40:14.854Z"}
{"level":"error","message":"Product not found","timestamp":"2023-05-16T12:40:14.900Z"}
{"level":"error","message":"Product not found","timestamp":"2023-05-16T12:40:14.901Z"}
{"level":"error","message":"Product not found","timestamp":"2023-05-16T12:41:10.935Z"}
{"level":"error","message":"Product not found","timestamp":"2023-05-16T12:41:10.936Z"}
{"level":"info","message":"Top rated products returned","timestamp":"2023-05-16T12:41:16.237Z"}
{"level":"info","message":"Top rated products returned","timestamp":"2023-05-16T12:41:16.237Z"}
{"level":"info","message":"All Products info provided","timestamp":"2023-05-16T12:41:16.257Z"}
{"level":"info","message":"All Products info provided","timestamp":"2023-05-16T12:41:16.258Z"}
{"level":"info","message":"All Products info provided","timestamp":"2023-05-16T12:41:46.039Z"}
{"level":"info","message":"All Products info provided","timestamp":"2023-05-16T12:41:46.039Z"}
{"level":"error","message":"Product not found","timestamp":"2023-05-16T12:41:46.078Z"}
{"level":"error","message":"Product not found","timestamp":"2023-05-16T12:41:46.078Z"}
{"level":"info","message":"Top rated products returned","timestamp":"2023-05-16T12:42:22.153Z"}
{"level":"info","message":"Top rated products returned","timestamp":"2023-05-16T12:42:22.153Z"}
{"level":"info","message":"All Products info provided","timestamp":"2023-05-16T12:42:22.194Z"}
{"level":"info","message":"All Products info provided","timestamp":"2023-05-16T12:42:22.195Z"}
{"level":"info","message":"Top rated products returned","timestamp":"2023-05-16T12:42:24.420Z"}
{"level":"info","message":"Top rated products returned","timestamp":"2023-05-16T12:42:24.421Z"}
{"level":"info","message":"All Products info provided","timestamp":"2023-05-16T12:42:24.443Z"}
{"level":"info","message":"All Products info provided","timestamp":"2023-05-16T12:42:24.443Z"}
{"level":"info","message":"All Products info provided","timestamp":"2023-05-16T12:42:36.199Z"}
{"level":"info","message":"All Products info provided","timestamp":"2023-05-16T12:42:36.199Z"}
{"level":"error","message":"Product not found","timestamp":"2023-05-16T12:42:36.242Z"}
{"level":"error","message":"Product not found","timestamp":"2023-05-16T12:42:36.242Z"}
{"level":"info","message":"All Products info provided","timestamp":"2023-05-16T12:49:47.777Z"}
{"level":"info","message":"All Products info provided","timestamp":"2023-05-16T12:49:47.779Z"}
{"level":"info","message":"Product info of given id provided","timestamp":"2023-05-16T12:49:47.832Z"}
{"level":"info","message":"Product info of given id provided","timestamp":"2023-05-16T12:49:47.833Z"}
{"level":"info","message":"Top rated products returned","timestamp":"2023-05-16T12:53:31.775Z"}
{"level":"info","message":"Top rated products returned","timestamp":"2023-05-16T12:53:31.775Z"}
{"level":"info","message":"All Products info provided","timestamp":"2023-05-16T12:53:31.798Z"}
{"level":"info","message":"All Products info provided","timestamp":"2023-05-16T12:53:31.798Z"}
{"level":"info","message":"Top rated products returned","timestamp":"2023-05-16T12:55:17.793Z"}
{"level":"info","message":"Top rated products returned","timestamp":"2023-05-16T12:55:17.795Z"}
{"level":"info","message":"All Products info provided","timestamp":"2023-05-16T12:55:17.840Z"}
{"level":"info","message":"All Products info provided","timestamp":"2023-05-16T12:55:17.840Z"}
{"level":"info","message":"All Products info provided","timestamp":"2023-05-16T12:55:37.143Z"}
{"level":"info","message":"All Products info provided","timestamp":"2023-05-16T12:55:37.144Z"}
{"level":"error","message":"Product not found","timestamp":"2023-05-16T12:55:37.195Z"}
{"level":"error","message":"Product not found","timestamp":"2023-05-16T12:55:37.195Z"}
{"level":"info","message":"All Products info provided","timestamp":"2023-05-16T12:55:42.679Z"}
{"level":"info","message":"All Products info provided","timestamp":"2023-05-16T12:55:42.679Z"}
{"level":"error","message":"Product not found","timestamp":"2023-05-16T12:55:42.735Z"}
{"level":"error","message":"Product not found","timestamp":"2023-05-16T12:55:42.735Z"}
{"level":"info","message":"Top rated products returned","timestamp":"2023-05-16T12:57:57.592Z"}
{"level":"info","message":"Top rated products returned","timestamp":"2023-05-16T12:57:57.594Z"}
{"level":"info","message":"All Products info provided","timestamp":"2023-05-16T12:57:57.630Z"}
{"level":"info","message":"All Products info provided","timestamp":"2023-05-16T12:57:57.630Z"}
{"level":"info","message":"All Products info provided","timestamp":"2023-05-16T12:58:11.694Z"}
{"level":"info","message":"All Products info provided","timestamp":"2023-05-16T12:58:11.694Z"}
{"level":"info","message":"Product info of given id provided","timestamp":"2023-05-16T12:58:11.739Z"}
{"level":"info","message":"Product info of given id provided","timestamp":"2023-05-16T12:58:11.740Z"}
{"level":"info","message":"All Products info provided","timestamp":"2023-05-16T12:58:24.975Z"}
{"level":"info","message":"All Products info provided","timestamp":"2023-05-16T12:58:24.975Z"}
{"level":"info","message":"All Products info provided","timestamp":"2023-05-16T13:00:41.260Z"}
{"level":"info","message":"All Products info provided","timestamp":"2023-05-16T13:00:41.261Z"}
{"level":"info","message":"Product info of given id provided","timestamp":"2023-05-16T13:00:41.313Z"}
{"level":"info","message":"Product info of given id provided","timestamp":"2023-05-16T13:00:41.313Z"}
{"level":"info","message":"Product info of given id provided","timestamp":"2023-05-16T13:01:14.189Z"}
{"level":"info","message":"Product info of given id provided","timestamp":"2023-05-16T13:01:14.190Z"}
{"level":"info","message":"All Products info provided","timestamp":"2023-05-16T13:02:35.674Z"}
{"level":"info","message":"All Products info provided","timestamp":"2023-05-16T13:02:35.676Z"}
{"level":"info","message":"All Products info provided","timestamp":"2023-05-16T13:03:09.300Z"}
{"level":"info","message":"All Products info provided","timestamp":"2023-05-16T13:03:09.301Z"}
{"level":"info","message":"Product info of given id provided","timestamp":"2023-05-16T13:03:09.353Z"}
{"level":"info","message":"Product info of given id provided","timestamp":"2023-05-16T13:03:09.353Z"}
{"level":"info","message":"Product info of given id provided","timestamp":"2023-05-16T13:04:57.812Z"}
{"level":"info","message":"Product info of given id provided","timestamp":"2023-05-16T13:04:57.813Z"}
{"level":"info","message":"All Products info provided","timestamp":"2023-05-16T13:05:32.600Z"}
{"level":"info","message":"All Products info provided","timestamp":"2023-05-16T13:05:32.600Z"}
{"level":"info","message":"All Products info provided","timestamp":"2023-05-16T13:10:56.380Z"}
{"level":"info","message":"All Products info provided","timestamp":"2023-05-16T13:10:56.383Z"}
{"level":"info","message":"All Products info provided","timestamp":"2023-05-16T13:13:48.561Z"}
{"level":"info","message":"All Products info provided","timestamp":"2023-05-16T13:13:48.563Z"}
{"level":"info","message":"Product info of given id provided","timestamp":"2023-05-16T13:13:48.612Z"}
{"level":"info","message":"Product info of given id provided","timestamp":"2023-05-16T13:13:48.612Z"}
{"level":"info","message":"Product info of given id provided","timestamp":"2023-05-16T13:16:17.214Z"}
{"level":"info","message":"Product info of given id provided","timestamp":"2023-05-16T13:16:17.216Z"}
{"level":"info","message":"Logged out successful","timestamp":"2023-05-16T13:17:30.953Z"}
{"level":"info","message":"Logged out successful","timestamp":"2023-05-16T13:17:30.954Z"}
{"level":"info","message":"User authentication successful","timestamp":"2023-05-16T13:18:15.146Z"}
{"level":"info","message":"User authentication successful","timestamp":"2023-05-16T13:18:15.147Z"}
{"level":"info","message":"Top rated products returned","timestamp":"2023-05-16T13:18:15.223Z"}
{"level":"info","message":"Top rated products returned","timestamp":"2023-05-16T13:18:15.223Z"}
{"level":"info","message":"All Products info provided","timestamp":"2023-05-16T13:18:15.254Z"}
{"level":"info","message":"All Products info provided","timestamp":"2023-05-16T13:18:15.255Z"}
{"level":"info","message":"provide all order details to admin","timestamp":"2023-05-16T13:18:22.274Z"}
{"level":"info","message":"provide all order details to admin","timestamp":"2023-05-16T13:18:22.274Z"}
{"level":"info","message":"Get logged in user orders","timestamp":"2023-05-16T13:18:35.317Z"}
{"level":"info","message":"Get logged in user orders","timestamp":"2023-05-16T13:18:35.318Z"}
{"level":"info","message":"Top rated products returned","timestamp":"2023-05-16T13:18:48.866Z"}
{"level":"info","message":"Top rated products returned","timestamp":"2023-05-16T13:18:48.867Z"}
{"level":"info","message":"All Products info provided","timestamp":"2023-05-16T13:18:48.898Z"}
{"level":"info","message":"All Products info provided","timestamp":"2023-05-16T13:18:48.898Z"}
{"level":"info","message":"Product info of given id provided","timestamp":"2023-05-16T13:18:52.196Z"}
{"level":"info","message":"Product info of given id provided","timestamp":"2023-05-16T13:18:52.196Z"}
{"level":"info","message":"Logged out successful","timestamp":"2023-05-16T13:19:07.853Z"}
{"level":"info","message":"Logged out successful","timestamp":"2023-05-16T13:19:07.853Z"}
{"level":"info","message":"User authentication successful","timestamp":"2023-05-16T13:19:39.542Z"}
{"level":"info","message":"User authentication successful","timestamp":"2023-05-16T13:19:39.542Z"}
{"level":"info","message":"Top rated products returned","timestamp":"2023-05-16T13:19:39.588Z"}
{"level":"info","message":"Top rated products returned","timestamp":"2023-05-16T13:19:39.588Z"}
{"level":"info","message":"All Products info provided","timestamp":"2023-05-16T13:19:39.619Z"}
{"level":"info","message":"All Products info provided","timestamp":"2023-05-16T13:19:39.619Z"}
{"level":"info","message":"Product info of given id provided","timestamp":"2023-05-16T13:19:42.859Z"}
{"level":"info","message":"Product info of given id provided","timestamp":"2023-05-16T13:19:42.860Z"}
{"level":"info","message":"Added New item to order","timestamp":"2023-05-16T13:20:16.278Z"}
{"level":"info","message":"Added New item to order","timestamp":"2023-05-16T13:20:16.278Z"}
{"level":"info","message":"Get order details of mentioned id","timestamp":"2023-05-16T13:20:16.435Z"}
{"level":"info","message":"Get order details of mentioned id","timestamp":"2023-05-16T13:20:16.436Z"}
{"level":"info","message":"Logged out successful","timestamp":"2023-05-16T13:20:32.032Z"}
{"level":"info","message":"Logged out successful","timestamp":"2023-05-16T13:20:32.032Z"}
{"level":"info","message":"User authentication successful","timestamp":"2023-05-16T13:20:43.277Z"}
{"level":"info","message":"User authentication successful","timestamp":"2023-05-16T13:20:43.277Z"}
{"level":"info","message":"Top rated products returned","timestamp":"2023-05-16T13:20:43.355Z"}
{"level":"info","message":"Top rated products returned","timestamp":"2023-05-16T13:20:43.355Z"}
{"level":"info","message":"All Products info provided","timestamp":"2023-05-16T13:20:43.384Z"}
{"level":"info","message":"All Products info provided","timestamp":"2023-05-16T13:20:43.384Z"}
{"level":"info","message":"provide all order details to admin","timestamp":"2023-05-16T13:20:47.095Z"}
{"level":"info","message":"provide all order details to admin","timestamp":"2023-05-16T13:20:47.095Z"}
{"level":"info","message":"New product added to website","timestamp":"2023-05-16T13:21:04.944Z"}
{"level":"info","message":"New product added to website","timestamp":"2023-05-16T13:21:04.944Z"}
{"level":"info","message":"All Products info provided","timestamp":"2023-05-16T13:21:05.039Z"}
{"level":"info","message":"All Products info provided","timestamp":"2023-05-16T13:21:05.039Z"}
{"level":"info","message":"Product info of given id provided","timestamp":"2023-05-16T13:21:10.210Z"}
{"level":"info","message":"Product info of given id provided","timestamp":"2023-05-16T13:21:10.210Z"}
{"level":"info","message":"All Products info provided","timestamp":"2023-05-16T13:21:16.226Z"}
{"level":"info","message":"All Products info provided","timestamp":"2023-05-16T13:21:16.226Z"}
{"level":"info","message":"Product Removed successfully","timestamp":"2023-05-16T13:21:19.855Z"}
{"level":"info","message":"Product Removed successfully","timestamp":"2023-05-16T13:21:19.855Z"}
{"level":"info","message":"All Products info provided","timestamp":"2023-05-16T13:21:19.920Z"}
{"level":"info","message":"All Products info provided","timestamp":"2023-05-16T13:21:19.920Z"}
{"level":"info","message":"All user info provided to admin","timestamp":"2023-05-16T13:21:27.609Z"}
{"level":"info","message":"All user info provided to admin","timestamp":"2023-05-16T13:21:27.609Z"}
{"level":"info","message":"provide all order details to admin","timestamp":"2023-05-16T13:21:31.490Z"}
{"level":"info","message":"provide all order details to admin","timestamp":"2023-05-16T13:21:31.490Z"}
{"level":"info","message":"All user info provided to admin","timestamp":"2023-05-16T13:21:43.208Z"}
{"level":"info","message":"All user info provided to admin","timestamp":"2023-05-16T13:21:43.208Z"}
{"level":"info","message":"User info with mentioned id provided","timestamp":"2023-05-16T13:21:51.493Z"}
{"level":"info","message":"User info with mentioned id provided","timestamp":"2023-05-16T13:21:51.493Z"}
